<?xml version="1.0" encoding="UTF-8"?>
<testng-results ignored="0" total="8" passed="8" failed="0" skipped="0">
  <reporter-output>
  </reporter-output>
  <suite started-at="2026-04-27T11:26:00 IST" name="Surefire suite" finished-at="2026-04-27T11:27:36 IST" duration-ms="95724">
    <groups>
      <group name="cucumber">
        <method signature="AbstractTestNGCucumberTests.runScenario(io.cucumber.testng.PickleWrapper,io.cucumber.testng.FeatureWrapper)[pri:0, instance:runners.TestRunner@42f33b5d]" name="runScenario" class="io.cucumber.testng.AbstractTestNGCucumberTests"/>
      </group> <!-- cucumber -->
    </groups>
    <test started-at="2026-04-27T11:26:00 IST" name="Surefire test" finished-at="2026-04-27T11:27:36 IST" duration-ms="95724">
      <class name="runners.TestSetup">
        <test-method is-config="true" signature="generateFeature()[pri:0, instance:runners.TestSetup@4409e975]" started-at="2026-04-27T11:25:57 IST" name="generateFeature" finished-at="2026-04-27T11:26:00 IST" duration-ms="2813" status="PASS">
          <reporter-output>
          </reporter-output>
        </test-method> <!-- generateFeature -->
      </class> <!-- runners.TestSetup -->
      <class name="runners.TestRunner">
        <test-method is-config="true" signature="setUpClass(org.testng.ITestContext)[pri:0, instance:runners.TestRunner@42f33b5d]" started-at="2026-04-27T11:26:00 IST" name="setUpClass" finished-at="2026-04-27T11:26:03 IST" duration-ms="2695" status="PASS">
          <params>
            <param index="0">
              <value>
                <![CDATA[org.testng.TestRunner@117e7b16]]>
              </value>
            </param>
          </params>
          <reporter-output>
          </reporter-output>
        </test-method> <!-- setUpClass -->
        <test-method signature="runScenario(io.cucumber.testng.PickleWrapper,io.cucumber.testng.FeatureWrapper)[pri:0, instance:runners.TestRunner@42f33b5d]" started-at="2026-04-27T11:26:03 IST" name="runScenario" description="Runs Cucumber Scenarios" data-provider="scenarios" finished-at="2026-04-27T11:26:23 IST" duration-ms="20220" status="PASS">
          <params>
            <param index="0">
              <value>
                <![CDATA["Login with user Amey"]]>
              </value>
            </param>
            <param index="1">
              <value>
                <![CDATA["DemoQA Login"]]>
              </value>
            </param>
          </params>
          <reporter-output>
          </reporter-output>
        </test-method> <!-- runScenario -->
        <test-method signature="runScenario(io.cucumber.testng.PickleWrapper,io.cucumber.testng.FeatureWrapper)[pri:0, instance:runners.TestRunner@42f33b5d]" started-at="2026-04-27T11:26:23 IST" name="runScenario" description="Runs Cucumber Scenarios" data-provider="scenarios" finished-at="2026-04-27T11:26:34 IST" duration-ms="11152" status="PASS">
          <params>
            <param index="0">
              <value>
                <![CDATA["Login with user Arjun"]]>
              </value>
            </param>
            <param index="1">
              <value>
                <![CDATA["DemoQA Login"]]>
              </value>
            </param>
          </params>
          <reporter-output>
          </reporter-output>
        </test-method> <!-- runScenario -->
        <test-method signature="runScenario(io.cucumber.testng.PickleWrapper,io.cucumber.testng.FeatureWrapper)[pri:0, instance:runners.TestRunner@42f33b5d]" started-at="2026-04-27T11:26:34 IST" name="runScenario" description="Runs Cucumber Scenarios" data-provider="scenarios" finished-at="2026-04-27T11:26:46 IST" duration-ms="11571" status="PASS">
          <params>
            <param index="0">
              <value>
                <![CDATA["Login with user Narendra"]]>
              </value>
            </param>
            <param index="1">
              <value>
                <![CDATA["DemoQA Login"]]>
              </value>
            </param>
          </params>
          <reporter-output>
          </reporter-output>
        </test-method> <!-- runScenario -->
        <test-method signature="runScenario(io.cucumber.testng.PickleWrapper,io.cucumber.testng.FeatureWrapper)[pri:0, instance:runners.TestRunner@42f33b5d]" started-at="2026-04-27T11:26:46 IST" name="runScenario" description="Runs Cucumber Scenarios" data-provider="scenarios" finished-at="2026-04-27T11:26:57 IST" duration-ms="11829" status="PASS">
          <params>
            <param index="0">
              <value>
                <![CDATA["Login with user Rahul"]]>
              </value>
            </param>
            <param index="1">
              <value>
                <![CDATA["DemoQA Login"]]>
              </value>
            </param>
          </params>
          <reporter-output>
          </reporter-output>
        </test-method> <!-- runScenario -->
        <test-method signature="runScenario(io.cucumber.testng.PickleWrapper,io.cucumber.testng.FeatureWrapper)[pri:0, instance:runners.TestRunner@42f33b5d]" started-at="2026-04-27T11:26:57 IST" name="runScenario" description="Runs Cucumber Scenarios" data-provider="scenarios" finished-at="2026-04-27T11:27:09 IST" duration-ms="11296" status="PASS">
          <params>
            <param index="0">
              <value>
                <![CDATA["Login with user DattuBhau"]]>
              </value>
            </param>
            <param index="1">
              <value>
                <![CDATA["DemoQA Login"]]>
              </value>
            </param>
          </params>
          <reporter-output>
          </reporter-output>
        </test-method> <!-- runScenario -->
        <test-method signature="runScenario(io.cucumber.testng.PickleWrapper,io.cucumber.testng.FeatureWrapper)[pri:0, instance:runners.TestRunner@42f33b5d]" started-at="2026-04-27T11:27:09 IST" name="runScenario" description="Runs Cucumber Scenarios" data-provider="scenarios" finished-at="2026-04-27T11:27:19 IST" duration-ms="10230" status="PASS">
          <params>
            <param index="0">
              <value>
                <![CDATA["Login with user Pepa"]]>
              </value>
            </param>
            <param index="1">
              <value>
                <![CDATA["DemoQA Login"]]>
              </value>
            </param>
          </params>
          <reporter-output>
          </reporter-output>
        </test-method> <!-- runScenario -->
        <test-method signature="runScenario(io.cucumber.testng.PickleWrapper,io.cucumber.testng.FeatureWrapper)[pri:0, instance:runners.TestRunner@42f33b5d]" started-at="2026-04-27T11:27:19 IST" name="runScenario" description="Runs Cucumber Scenarios" data-provider="scenarios" finished-at="2026-04-27T11:27:28 IST" duration-ms="9308" status="PASS">
          <params>
            <param index="0">
              <value>
                <![CDATA["Run JMeter performance test"]]>
              </value>
            </param>
            <param index="1">
              <value>
                <![CDATA["Performance Testing"]]>
              </value>
            </param>
          </params>
          <reporter-output>
          </reporter-output>
        </test-method> <!-- runScenario -->
        <test-method signature="runScenario(io.cucumber.testng.PickleWrapper,io.cucumber.testng.FeatureWrapper)[pri:0, instance:runners.TestRunner@42f33b5d]" started-at="2026-04-27T11:27:28 IST" name="runScenario" description="Runs Cucumber Scenarios" data-provider="scenarios" finished-at="2026-04-27T11:27:36 IST" duration-ms="7280" status="PASS">
          <params>
            <param index="0">
              <value>
                <![CDATA["Text data with fullName Amey Kamde"]]>
              </value>
            </param>
            <param index="1">
              <value>
                <![CDATA["Text Box Verification"]]>
              </value>
            </param>
          </params>
          <reporter-output>
          </reporter-output>
        </test-method> <!-- runScenario -->
        <test-method is-config="true" signature="tearDownClass()[pri:0, instance:runners.TestRunner@42f33b5d]" started-at="2026-04-27T11:27:36 IST" name="tearDownClass" finished-at="2026-04-27T11:27:36 IST" duration-ms="45" status="PASS">
          <reporter-output>
          </reporter-output>
        </test-method> <!-- tearDownClass -->
      </class> <!-- runners.TestRunner -->
    </test> <!-- Surefire test -->
  </suite> <!-- Surefire suite -->
</testng-results>
