<?xml version="1.0" encoding="UTF-8"?>
<!-- Generated by org.testng.reporters.JUnitReportReporter -->
<testsuite hostname="F15" failures="0" tests="8" name="runners.TestRunner" time="92.886" errors="0" timestamp="2026-04-27T11:27:36 IST" skipped="0">
  <testcase classname="runners.TestRunner" name="runScenario" time="11.152"/>
  <testcase classname="runners.TestRunner" name="runScenario" time="10.230"/>
  <testcase classname="runners.TestRunner" name="runScenario" time="7.280"/>
  <testcase classname="runners.TestRunner" name="runScenario" time="11.571"/>
  <testcase classname="runners.TestRunner" name="runScenario" time="20.220"/>
  <testcase classname="runners.TestRunner" name="runScenario" time="9.308"/>
  <testcase classname="runners.TestRunner" name="runScenario" time="11.829"/>
  <testcase classname="runners.TestRunner" name="runScenario" time="11.296"/>
</testsuite> <!-- runners.TestRunner -->
